{"/mnt/d/projects/emeeli/backend/src/app.js": {"path":"/mnt/d/projects/emeeli/backend/src/app.js","statementMap":{"0":{"start":{"line":8,"column":4},"end":{"line":8,"column":28}},"1":{"start":{"line":10,"column":4},"end":{"line":10,"column":22}},"2":{"start":{"line":11,"column":4},"end":{"line":11,"column":17}},"3":{"start":{"line":12,"column":4},"end":{"line":12,"column":23}},"4":{"start":{"line":16,"column":4},"end":{"line":16,"column":28}},"5":{"start":{"line":20,"column":4},"end":{"line":20,"column":28}},"6":{"start":{"line":24,"column":4},"end":{"line":24,"column":34}}},"fnMap":{"0":{"name":"(anonymous_0)","decl":{"start":{"line":7,"column":2},"end":{"line":7,"column":3}},"loc":{"start":{"line":7,"column":17},"end":{"line":13,"column":3}},"line":7},"1":{"name":"(anonymous_1)","decl":{"start":{"line":15,"column":2},"end":{"line":15,"column":3}},"loc":{"start":{"line":15,"column":17},"end":{"line":17,"column":3}},"line":15},"2":{"name":"(anonymous_2)","decl":{"start":{"line":19,"column":2},"end":{"line":19,"column":3}},"loc":{"start":{"line":19,"column":12},"end":{"line":21,"column":3}},"line":19},"3":{"name":"(anonymous_3)","decl":{"start":{"line":23,"column":2},"end":{"line":23,"column":3}},"loc":{"start":{"line":23,"column":18},"end":{"line":25,"column":3}},"line":23}},"branchMap":{},"s":{"0":2,"1":2,"2":2,"3":2,"4":2,"5":2,"6":2},"f":{"0":2,"1":2,"2":2,"3":2},"b":{},"_coverageSchema":"43e27e138ebf9cfc5966b082cf9a028302ed4184","hash":"712b634df809bcc40d2e78505aae4f4b2fb3a169"}
,"/mnt/d/projects/emeeli/backend/src/errorHandler.js": {"path":"/mnt/d/projects/emeeli/backend/src/errorHandler.js","statementMap":{"0":{"start":{"line":2,"column":16},"end":{"line":2,"column":39}},"1":{"start":{"line":3,"column":2},"end":{"line":3,"column":38}}},"fnMap":{"0":{"name":"(anonymous_0)","decl":{"start":{"line":1,"column":15},"end":{"line":1,"column":16}},"loc":{"start":{"line":1,"column":46},"end":{"line":4,"column":1}},"line":1}},"branchMap":{},"s":{"0":0,"1":0},"f":{"0":0},"b":{},"_coverageSchema":"43e27e138ebf9cfc5966b082cf9a028302ed4184","hash":"1297148fe7a6dd906aa5cb6225d5dd3c7703226c"}
,"/mnt/d/projects/emeeli/backend/src/routes.js": {"path":"/mnt/d/projects/emeeli/backend/src/routes.js","statementMap":{"0":{"start":{"line":5,"column":15},"end":{"line":5,"column":23}},"1":{"start":{"line":7,"column":0},"end":{"line":7,"column":51}},"2":{"start":{"line":8,"column":0},"end":{"line":8,"column":49}}},"fnMap":{},"branchMap":{},"s":{"0":2,"1":2,"2":2},"f":{},"b":{},"_coverageSchema":"43e27e138ebf9cfc5966b082cf9a028302ed4184","hash":"3814d63f51427e5e235794f98fe8c751cdd5cc51"}
,"/mnt/d/projects/emeeli/backend/src/server.js": {"path":"/mnt/d/projects/emeeli/backend/src/server.js","statementMap":{"0":{"start":{"line":3,"column":0},"end":{"line":7,"column":1}},"1":{"start":{"line":4,"column":2},"end":{"line":6,"column":4}},"2":{"start":{"line":5,"column":4},"end":{"line":5,"column":22}},"3":{"start":{"line":8,"column":0},"end":{"line":8,"column":20}}},"fnMap":{"0":{"name":"(anonymous_0)","decl":{"start":{"line":4,"column":19},"end":{"line":4,"column":20}},"loc":{"start":{"line":4,"column":31},"end":{"line":6,"column":3}},"line":4}},"branchMap":{"0":{"loc":{"start":{"line":3,"column":0},"end":{"line":7,"column":1}},"type":"if","locations":[{"start":{"line":3,"column":0},"end":{"line":7,"column":1}},{"start":{"line":3,"column":0},"end":{"line":7,"column":1}}],"line":3}},"s":{"0":2,"1":0,"2":0,"3":2},"f":{"0":0},"b":{"0":[0,2]},"_coverageSchema":"43e27e138ebf9cfc5966b082cf9a028302ed4184","hash":"7c913af7c589786c50a5e1187e3d34da5e88aac7"}
,"/mnt/d/projects/emeeli/backend/src/app/controller/ItemController.js": {"path":"/mnt/d/projects/emeeli/backend/src/app/controller/ItemController.js","statementMap":{"0":{"start":{"line":5,"column":4},"end":{"line":12,"column":5}},"1":{"start":{"line":6,"column":21},"end":{"line":6,"column":34}},"2":{"start":{"line":7,"column":26},"end":{"line":7,"column":43}},"3":{"start":{"line":8,"column":19},"end":{"line":8,"column":52}},"4":{"start":{"line":9,"column":6},"end":{"line":9,"column":27}},"5":{"start":{"line":11,"column":6},"end":{"line":11,"column":15}}},"fnMap":{"0":{"name":"(anonymous_0)","decl":{"start":{"line":4,"column":2},"end":{"line":4,"column":3}},"loc":{"start":{"line":4,"column":30},"end":{"line":13,"column":3}},"line":4}},"branchMap":{},"s":{"0":1,"1":1,"2":1,"3":1,"4":1,"5":0},"f":{"0":1},"b":{},"_coverageSchema":"43e27e138ebf9cfc5966b082cf9a028302ed4184","hash":"dde7fe79426e6841a5201516177bbd99e2c1639d"}
,"/mnt/d/projects/emeeli/backend/src/app/controller/SearchItemController.js": {"path":"/mnt/d/projects/emeeli/backend/src/app/controller/SearchItemController.js","statementMap":{"0":{"start":{"line":5,"column":4},"end":{"line":12,"column":5}},"1":{"start":{"line":6,"column":25},"end":{"line":6,"column":41}},"2":{"start":{"line":7,"column":38},"end":{"line":7,"column":61}},"3":{"start":{"line":8,"column":19},"end":{"line":8,"column":69}},"4":{"start":{"line":9,"column":6},"end":{"line":9,"column":27}},"5":{"start":{"line":11,"column":6},"end":{"line":11,"column":15}}},"fnMap":{"0":{"name":"(anonymous_0)","decl":{"start":{"line":4,"column":2},"end":{"line":4,"column":3}},"loc":{"start":{"line":4,"column":30},"end":{"line":13,"column":3}},"line":4}},"branchMap":{},"s":{"0":2,"1":2,"2":2,"3":2,"4":2,"5":0},"f":{"0":2},"b":{},"_coverageSchema":"43e27e138ebf9cfc5966b082cf9a028302ed4184","hash":"65f3a6e50e5ebc5f3094d3e19877c4b8afbbe37a"}
,"/mnt/d/projects/emeeli/backend/src/app/mappers/item.js": {"path":"/mnt/d/projects/emeeli/backend/src/app/mappers/item.js","statementMap":{"0":{"start":{"line":1,"column":23},"end":{"line":10,"column":2}},"1":{"start":{"line":1,"column":52},"end":{"line":10,"column":1}},"2":{"start":{"line":12,"column":29},"end":{"line":17,"column":1}},"3":{"start":{"line":13,"column":27},"end":{"line":15,"column":3}},"4":{"start":{"line":14,"column":16},"end":{"line":14,"column":29}},"5":{"start":{"line":16,"column":2},"end":{"line":16,"column":25}},"6":{"start":{"line":19,"column":27},"end":{"line":26,"column":1}},"7":{"start":{"line":20,"column":19},"end":{"line":20,"column":76}},"8":{"start":{"line":20,"column":45},"end":{"line":20,"column":75}},"9":{"start":{"line":21,"column":2},"end":{"line":25,"column":3}}},"fnMap":{"0":{"name":"(anonymous_0)","decl":{"start":{"line":1,"column":23},"end":{"line":1,"column":24}},"loc":{"start":{"line":1,"column":52},"end":{"line":10,"column":1}},"line":1},"1":{"name":"(anonymous_1)","decl":{"start":{"line":12,"column":29},"end":{"line":12,"column":30}},"loc":{"start":{"line":12,"column":43},"end":{"line":17,"column":1}},"line":12},"2":{"name":"(anonymous_2)","decl":{"start":{"line":14,"column":4},"end":{"line":14,"column":5}},"loc":{"start":{"line":14,"column":16},"end":{"line":14,"column":29}},"line":14},"3":{"name":"(anonymous_3)","decl":{"start":{"line":19,"column":27},"end":{"line":19,"column":28}},"loc":{"start":{"line":19,"column":49},"end":{"line":26,"column":1}},"line":19},"4":{"name":"(anonymous_4)","decl":{"start":{"line":20,"column":35},"end":{"line":20,"column":36}},"loc":{"start":{"line":20,"column":45},"end":{"line":20,"column":75}},"line":20}},"branchMap":{},"s":{"0":3,"1":2,"2":3,"3":2,"4":10,"5":2,"6":3,"7":3,"8":3,"9":3},"f":{"0":2,"1":2,"2":10,"3":3,"4":3},"b":{},"_coverageSchema":"43e27e138ebf9cfc5966b082cf9a028302ed4184","hash":"3d9a5bc665613a7602ade69d1cec3f53adb1be26"}
,"/mnt/d/projects/emeeli/backend/src/app/mappers/searchItem.js": {"path":"/mnt/d/projects/emeeli/backend/src/app/mappers/searchItem.js","statementMap":{"0":{"start":{"line":1,"column":30},"end":{"line":13,"column":4}},"1":{"start":{"line":2,"column":2},"end":{"line":13,"column":4}},"2":{"start":{"line":3,"column":22},"end":{"line":11,"column":5}},"3":{"start":{"line":12,"column":4},"end":{"line":12,"column":22}},"4":{"start":{"line":15,"column":35},"end":{"line":21,"column":1}},"5":{"start":{"line":16,"column":23},"end":{"line":16,"column":74}},"6":{"start":{"line":16,"column":49},"end":{"line":16,"column":73}},"7":{"start":{"line":17,"column":2},"end":{"line":17,"column":30}},"8":{"start":{"line":17,"column":21},"end":{"line":17,"column":30}},"9":{"start":{"line":18,"column":27},"end":{"line":18,"column":77}},"10":{"start":{"line":18,"column":63},"end":{"line":18,"column":76}},"11":{"start":{"line":20,"column":2},"end":{"line":20,"column":25}},"12":{"start":{"line":23,"column":33},"end":{"line":30,"column":1}},"13":{"start":{"line":24,"column":19},"end":{"line":24,"column":76}},"14":{"start":{"line":24,"column":45},"end":{"line":24,"column":75}},"15":{"start":{"line":25,"column":2},"end":{"line":29,"column":3}}},"fnMap":{"0":{"name":"(anonymous_0)","decl":{"start":{"line":1,"column":30},"end":{"line":1,"column":31}},"loc":{"start":{"line":2,"column":2},"end":{"line":13,"column":4}},"line":2},"1":{"name":"(anonymous_1)","decl":{"start":{"line":2,"column":20},"end":{"line":2,"column":21}},"loc":{"start":{"line":2,"column":28},"end":{"line":13,"column":3}},"line":2},"2":{"name":"(anonymous_2)","decl":{"start":{"line":15,"column":35},"end":{"line":15,"column":36}},"loc":{"start":{"line":15,"column":49},"end":{"line":21,"column":1}},"line":15},"3":{"name":"(anonymous_3)","decl":{"start":{"line":16,"column":39},"end":{"line":16,"column":40}},"loc":{"start":{"line":16,"column":49},"end":{"line":16,"column":73}},"line":16},"4":{"name":"(anonymous_4)","decl":{"start":{"line":18,"column":51},"end":{"line":18,"column":52}},"loc":{"start":{"line":18,"column":63},"end":{"line":18,"column":76}},"line":18},"5":{"name":"(anonymous_5)","decl":{"start":{"line":23,"column":33},"end":{"line":23,"column":34}},"loc":{"start":{"line":23,"column":55},"end":{"line":30,"column":1}},"line":23},"6":{"name":"(anonymous_6)","decl":{"start":{"line":24,"column":35},"end":{"line":24,"column":36}},"loc":{"start":{"line":24,"column":45},"end":{"line":24,"column":75}},"line":24}},"branchMap":{"0":{"loc":{"start":{"line":17,"column":2},"end":{"line":17,"column":30}},"type":"if","locations":[{"start":{"line":17,"column":2},"end":{"line":17,"column":30}},{"start":{"line":17,"column":2},"end":{"line":17,"column":30}}],"line":17}},"s":{"0":3,"1":3,"2":2,"3":2,"4":3,"5":3,"6":2,"7":3,"8":1,"9":2,"10":48,"11":2,"12":3,"13":3,"14":3,"15":3},"f":{"0":3,"1":2,"2":3,"3":2,"4":48,"5":3,"6":3},"b":{"0":[1,2]},"_coverageSchema":"43e27e138ebf9cfc5966b082cf9a028302ed4184","hash":"0583bd4f6e1cba7ac91c56fd2616f0807604689f"}
,"/mnt/d/projects/emeeli/backend/src/app/services/ItemService.js": {"path":"/mnt/d/projects/emeeli/backend/src/app/services/ItemService.js","statementMap":{"0":{"start":{"line":6,"column":4},"end":{"line":22,"column":5}},"1":{"start":{"line":7,"column":23},"end":{"line":7,"column":51}},"2":{"start":{"line":8,"column":27},"end":{"line":8,"column":67}},"3":{"start":{"line":9,"column":25},"end":{"line":9,"column":53}},"4":{"start":{"line":10,"column":25},"end":{"line":12,"column":7}},"5":{"start":{"line":14,"column":6},"end":{"line":19,"column":7}},"6":{"start":{"line":21,"column":6},"end":{"line":21,"column":56}},"7":{"start":{"line":26,"column":20},"end":{"line":30,"column":5}},"8":{"start":{"line":31,"column":4},"end":{"line":31,"column":18}},"9":{"start":{"line":35,"column":17},"end":{"line":35,"column":44}},"10":{"start":{"line":36,"column":25},"end":{"line":36,"column":50}},"11":{"start":{"line":38,"column":4},"end":{"line":38,"column":23}}},"fnMap":{"0":{"name":"(anonymous_0)","decl":{"start":{"line":5,"column":2},"end":{"line":5,"column":3}},"loc":{"start":{"line":5,"column":23},"end":{"line":23,"column":3}},"line":5},"1":{"name":"(anonymous_1)","decl":{"start":{"line":25,"column":2},"end":{"line":25,"column":3}},"loc":{"start":{"line":25,"column":24},"end":{"line":32,"column":3}},"line":25},"2":{"name":"(anonymous_2)","decl":{"start":{"line":34,"column":2},"end":{"line":34,"column":3}},"loc":{"start":{"line":34,"column":24},"end":{"line":39,"column":3}},"line":34}},"branchMap":{},"s":{"0":1,"1":1,"2":1,"3":1,"4":1,"5":1,"6":0,"7":1,"8":1,"9":1,"10":1,"11":1},"f":{"0":1,"1":1,"2":1},"b":{},"_coverageSchema":"43e27e138ebf9cfc5966b082cf9a028302ed4184","hash":"7af009eb61421ab63226c5b0d0a9439d7bd465ee"}
,"/mnt/d/projects/emeeli/backend/src/app/services/SearchItemService.js": {"path":"/mnt/d/projects/emeeli/backend/src/app/services/SearchItemService.js","statementMap":{"0":{"start":{"line":6,"column":4},"end":{"line":12,"column":5}},"1":{"start":{"line":7,"column":23},"end":{"line":7,"column":67}},"2":{"start":{"line":8,"column":25},"end":{"line":8,"column":53}},"3":{"start":{"line":9,"column":6},"end":{"line":9,"column":79}},"4":{"start":{"line":11,"column":6},"end":{"line":11,"column":56}},"5":{"start":{"line":16,"column":21},"end":{"line":20,"column":5}},"6":{"start":{"line":22,"column":4},"end":{"line":22,"column":19}},"7":{"start":{"line":26,"column":4},"end":{"line":30,"column":5}},"8":{"start":{"line":34,"column":18},"end":{"line":34,"column":45}},"9":{"start":{"line":35,"column":25},"end":{"line":35,"column":57}},"10":{"start":{"line":37,"column":4},"end":{"line":37,"column":23}}},"fnMap":{"0":{"name":"(anonymous_0)","decl":{"start":{"line":5,"column":2},"end":{"line":5,"column":3}},"loc":{"start":{"line":5,"column":26},"end":{"line":13,"column":3}},"line":5},"1":{"name":"(anonymous_1)","decl":{"start":{"line":15,"column":2},"end":{"line":15,"column":3}},"loc":{"start":{"line":15,"column":31},"end":{"line":23,"column":3}},"line":15},"2":{"name":"(anonymous_2)","decl":{"start":{"line":25,"column":2},"end":{"line":25,"column":3}},"loc":{"start":{"line":25,"column":20},"end":{"line":31,"column":3}},"line":25},"3":{"name":"(anonymous_3)","decl":{"start":{"line":33,"column":2},"end":{"line":33,"column":3}},"loc":{"start":{"line":33,"column":25},"end":{"line":38,"column":3}},"line":33}},"branchMap":{},"s":{"0":2,"1":2,"2":2,"3":2,"4":0,"5":2,"6":2,"7":0,"8":2,"9":2,"10":2},"f":{"0":2,"1":2,"2":0,"3":2},"b":{},"_coverageSchema":"43e27e138ebf9cfc5966b082cf9a028302ed4184","hash":"4d8d97b5e7e4f6bab27d998bf7d1aaddee2cf097"}
,"/mnt/d/projects/emeeli/backend/src/app/services/api.js": {"path":"/mnt/d/projects/emeeli/backend/src/app/services/api.js","statementMap":{"0":{"start":{"line":3,"column":12},"end":{"line":7,"column":2}}},"fnMap":{},"branchMap":{},"s":{"0":2},"f":{},"b":{},"_coverageSchema":"43e27e138ebf9cfc5966b082cf9a028302ed4184","hash":"75000460de51e1714192dde1a96afbb3723e8518"}
}
