{"C:\\Users\\Tagliati\\nodeprojects\\meli\\backend\\src\\app.js": {"path":"C:\\Users\\Tagliati\\nodeprojects\\meli\\backend\\src\\app.js","statementMap":{"0":{"start":{"line":7,"column":4},"end":{"line":7,"column":28}},"1":{"start":{"line":9,"column":4},"end":{"line":9,"column":22}},"2":{"start":{"line":10,"column":4},"end":{"line":10,"column":17}},"3":{"start":{"line":14,"column":4},"end":{"line":14,"column":28}},"4":{"start":{"line":18,"column":4},"end":{"line":18,"column":28}}},"fnMap":{"0":{"name":"(anonymous_0)","decl":{"start":{"line":6,"column":2},"end":{"line":6,"column":3}},"loc":{"start":{"line":6,"column":17},"end":{"line":11,"column":3}},"line":6},"1":{"name":"(anonymous_1)","decl":{"start":{"line":13,"column":2},"end":{"line":13,"column":3}},"loc":{"start":{"line":13,"column":17},"end":{"line":15,"column":3}},"line":13},"2":{"name":"(anonymous_2)","decl":{"start":{"line":17,"column":2},"end":{"line":17,"column":3}},"loc":{"start":{"line":17,"column":12},"end":{"line":19,"column":3}},"line":17}},"branchMap":{},"s":{"0":2,"1":2,"2":2,"3":2,"4":2},"f":{"0":2,"1":2,"2":2},"b":{},"_coverageSchema":"43e27e138ebf9cfc5966b082cf9a028302ed4184","hash":"3d1e947f8aef8247ced29a09b47cfa2f2ac6aaac"}
,"C:\\Users\\Tagliati\\nodeprojects\\meli\\backend\\src\\routes.js": {"path":"C:\\Users\\Tagliati\\nodeprojects\\meli\\backend\\src\\routes.js","statementMap":{"0":{"start":{"line":5,"column":15},"end":{"line":5,"column":23}},"1":{"start":{"line":7,"column":0},"end":{"line":7,"column":51}},"2":{"start":{"line":8,"column":0},"end":{"line":8,"column":49}}},"fnMap":{},"branchMap":{},"s":{"0":2,"1":2,"2":2},"f":{},"b":{},"_coverageSchema":"43e27e138ebf9cfc5966b082cf9a028302ed4184","hash":"827bce34f90c97ae4628346ea14f47b547abf9fb"}
,"C:\\Users\\Tagliati\\nodeprojects\\meli\\backend\\src\\server.js": {"path":"C:\\Users\\Tagliati\\nodeprojects\\meli\\backend\\src\\server.js","statementMap":{"0":{"start":{"line":3,"column":0},"end":{"line":7,"column":1}},"1":{"start":{"line":4,"column":2},"end":{"line":6,"column":4}},"2":{"start":{"line":5,"column":4},"end":{"line":5,"column":22}},"3":{"start":{"line":8,"column":0},"end":{"line":8,"column":20}}},"fnMap":{"0":{"name":"(anonymous_0)","decl":{"start":{"line":4,"column":19},"end":{"line":4,"column":20}},"loc":{"start":{"line":4,"column":31},"end":{"line":6,"column":3}},"line":4}},"branchMap":{"0":{"loc":{"start":{"line":3,"column":0},"end":{"line":7,"column":1}},"type":"if","locations":[{"start":{"line":3,"column":0},"end":{"line":7,"column":1}},{"start":{"line":3,"column":0},"end":{"line":7,"column":1}}],"line":3}},"s":{"0":2,"1":0,"2":0,"3":2},"f":{"0":0},"b":{"0":[0,2]},"_coverageSchema":"43e27e138ebf9cfc5966b082cf9a028302ed4184","hash":"89bd9e5fd8aa6e529e1235c70f2604ab939fe3ba"}
,"C:\\Users\\Tagliati\\nodeprojects\\meli\\backend\\src\\app\\controller\\ItemController.js": {"path":"C:\\Users\\Tagliati\\nodeprojects\\meli\\backend\\src\\app\\controller\\ItemController.js","statementMap":{"0":{"start":{"line":5,"column":19},"end":{"line":5,"column":32}},"1":{"start":{"line":6,"column":24},"end":{"line":6,"column":41}},"2":{"start":{"line":7,"column":17},"end":{"line":7,"column":50}},"3":{"start":{"line":9,"column":4},"end":{"line":9,"column":25}}},"fnMap":{"0":{"name":"(anonymous_0)","decl":{"start":{"line":4,"column":2},"end":{"line":4,"column":3}},"loc":{"start":{"line":4,"column":24},"end":{"line":10,"column":3}},"line":4}},"branchMap":{},"s":{"0":1,"1":1,"2":1,"3":1},"f":{"0":1},"b":{},"_coverageSchema":"43e27e138ebf9cfc5966b082cf9a028302ed4184","hash":"a85da0e503111f43f2da2b06a61582e79e9a743d"}
,"C:\\Users\\Tagliati\\nodeprojects\\meli\\backend\\src\\app\\controller\\SearchItemController.js": {"path":"C:\\Users\\Tagliati\\nodeprojects\\meli\\backend\\src\\app\\controller\\SearchItemController.js","statementMap":{"0":{"start":{"line":5,"column":23},"end":{"line":5,"column":39}},"1":{"start":{"line":6,"column":36},"end":{"line":6,"column":59}},"2":{"start":{"line":7,"column":17},"end":{"line":7,"column":67}},"3":{"start":{"line":8,"column":4},"end":{"line":8,"column":25}}},"fnMap":{"0":{"name":"(anonymous_0)","decl":{"start":{"line":4,"column":2},"end":{"line":4,"column":3}},"loc":{"start":{"line":4,"column":24},"end":{"line":9,"column":3}},"line":4}},"branchMap":{},"s":{"0":2,"1":2,"2":2,"3":2},"f":{"0":2},"b":{},"_coverageSchema":"43e27e138ebf9cfc5966b082cf9a028302ed4184","hash":"1882f022c0a892014a6612d4cab469a0deefc72c"}
,"C:\\Users\\Tagliati\\nodeprojects\\meli\\backend\\src\\app\\mappers\\item.js": {"path":"C:\\Users\\Tagliati\\nodeprojects\\meli\\backend\\src\\app\\mappers\\item.js","statementMap":{"0":{"start":{"line":1,"column":23},"end":{"line":10,"column":2}},"1":{"start":{"line":1,"column":52},"end":{"line":10,"column":1}},"2":{"start":{"line":12,"column":29},"end":{"line":15,"column":1}},"3":{"start":{"line":13,"column":27},"end":{"line":13,"column":83}},"4":{"start":{"line":13,"column":69},"end":{"line":13,"column":82}},"5":{"start":{"line":14,"column":2},"end":{"line":14,"column":25}},"6":{"start":{"line":17,"column":27},"end":{"line":24,"column":1}},"7":{"start":{"line":18,"column":19},"end":{"line":18,"column":76}},"8":{"start":{"line":18,"column":45},"end":{"line":18,"column":75}},"9":{"start":{"line":19,"column":2},"end":{"line":23,"column":3}}},"fnMap":{"0":{"name":"(anonymous_0)","decl":{"start":{"line":1,"column":23},"end":{"line":1,"column":24}},"loc":{"start":{"line":1,"column":52},"end":{"line":10,"column":1}},"line":1},"1":{"name":"(anonymous_1)","decl":{"start":{"line":12,"column":29},"end":{"line":12,"column":30}},"loc":{"start":{"line":12,"column":43},"end":{"line":15,"column":1}},"line":12},"2":{"name":"(anonymous_2)","decl":{"start":{"line":13,"column":57},"end":{"line":13,"column":58}},"loc":{"start":{"line":13,"column":69},"end":{"line":13,"column":82}},"line":13},"3":{"name":"(anonymous_3)","decl":{"start":{"line":17,"column":27},"end":{"line":17,"column":28}},"loc":{"start":{"line":17,"column":49},"end":{"line":24,"column":1}},"line":17},"4":{"name":"(anonymous_4)","decl":{"start":{"line":18,"column":35},"end":{"line":18,"column":36}},"loc":{"start":{"line":18,"column":45},"end":{"line":18,"column":75}},"line":18}},"branchMap":{},"s":{"0":3,"1":2,"2":3,"3":2,"4":10,"5":2,"6":3,"7":3,"8":3,"9":3},"f":{"0":2,"1":2,"2":10,"3":3,"4":3},"b":{},"_coverageSchema":"43e27e138ebf9cfc5966b082cf9a028302ed4184","hash":"4c13b118f8ddd470ca941736c71d89932cce3be4"}
,"C:\\Users\\Tagliati\\nodeprojects\\meli\\backend\\src\\app\\mappers\\searchItem.js": {"path":"C:\\Users\\Tagliati\\nodeprojects\\meli\\backend\\src\\app\\mappers\\searchItem.js","statementMap":{"0":{"start":{"line":1,"column":30},"end":{"line":13,"column":4}},"1":{"start":{"line":2,"column":2},"end":{"line":13,"column":4}},"2":{"start":{"line":3,"column":22},"end":{"line":11,"column":5}},"3":{"start":{"line":12,"column":4},"end":{"line":12,"column":22}},"4":{"start":{"line":15,"column":35},"end":{"line":21,"column":1}},"5":{"start":{"line":16,"column":23},"end":{"line":16,"column":74}},"6":{"start":{"line":16,"column":49},"end":{"line":16,"column":73}},"7":{"start":{"line":17,"column":2},"end":{"line":17,"column":30}},"8":{"start":{"line":17,"column":21},"end":{"line":17,"column":30}},"9":{"start":{"line":18,"column":27},"end":{"line":18,"column":77}},"10":{"start":{"line":18,"column":63},"end":{"line":18,"column":76}},"11":{"start":{"line":20,"column":2},"end":{"line":20,"column":25}},"12":{"start":{"line":23,"column":33},"end":{"line":30,"column":1}},"13":{"start":{"line":24,"column":19},"end":{"line":24,"column":76}},"14":{"start":{"line":24,"column":45},"end":{"line":24,"column":75}},"15":{"start":{"line":25,"column":2},"end":{"line":29,"column":3}}},"fnMap":{"0":{"name":"(anonymous_0)","decl":{"start":{"line":1,"column":30},"end":{"line":1,"column":31}},"loc":{"start":{"line":2,"column":2},"end":{"line":13,"column":4}},"line":2},"1":{"name":"(anonymous_1)","decl":{"start":{"line":2,"column":20},"end":{"line":2,"column":21}},"loc":{"start":{"line":2,"column":28},"end":{"line":13,"column":3}},"line":2},"2":{"name":"(anonymous_2)","decl":{"start":{"line":15,"column":35},"end":{"line":15,"column":36}},"loc":{"start":{"line":15,"column":49},"end":{"line":21,"column":1}},"line":15},"3":{"name":"(anonymous_3)","decl":{"start":{"line":16,"column":39},"end":{"line":16,"column":40}},"loc":{"start":{"line":16,"column":49},"end":{"line":16,"column":73}},"line":16},"4":{"name":"(anonymous_4)","decl":{"start":{"line":18,"column":51},"end":{"line":18,"column":52}},"loc":{"start":{"line":18,"column":63},"end":{"line":18,"column":76}},"line":18},"5":{"name":"(anonymous_5)","decl":{"start":{"line":23,"column":33},"end":{"line":23,"column":34}},"loc":{"start":{"line":23,"column":55},"end":{"line":30,"column":1}},"line":23},"6":{"name":"(anonymous_6)","decl":{"start":{"line":24,"column":35},"end":{"line":24,"column":36}},"loc":{"start":{"line":24,"column":45},"end":{"line":24,"column":75}},"line":24}},"branchMap":{"0":{"loc":{"start":{"line":17,"column":2},"end":{"line":17,"column":30}},"type":"if","locations":[{"start":{"line":17,"column":2},"end":{"line":17,"column":30}},{"start":{"line":17,"column":2},"end":{"line":17,"column":30}}],"line":17}},"s":{"0":3,"1":3,"2":2,"3":2,"4":3,"5":3,"6":2,"7":3,"8":1,"9":2,"10":48,"11":2,"12":3,"13":3,"14":3,"15":3},"f":{"0":3,"1":2,"2":3,"3":2,"4":48,"5":3,"6":3},"b":{"0":[1,2]},"_coverageSchema":"43e27e138ebf9cfc5966b082cf9a028302ed4184","hash":"fbe3456c5d910cc6005b8f3d7f1e4e625e72e171"}
,"C:\\Users\\Tagliati\\nodeprojects\\meli\\backend\\src\\app\\services\\ItemService.js": {"path":"C:\\Users\\Tagliati\\nodeprojects\\meli\\backend\\src\\app\\services\\ItemService.js","statementMap":{"0":{"start":{"line":6,"column":4},"end":{"line":20,"column":5}},"1":{"start":{"line":7,"column":23},"end":{"line":7,"column":51}},"2":{"start":{"line":8,"column":27},"end":{"line":8,"column":67}},"3":{"start":{"line":9,"column":25},"end":{"line":9,"column":53}},"4":{"start":{"line":10,"column":25},"end":{"line":10,"column":81}},"5":{"start":{"line":12,"column":6},"end":{"line":17,"column":7}},"6":{"start":{"line":19,"column":6},"end":{"line":19,"column":57}},"7":{"start":{"line":24,"column":20},"end":{"line":28,"column":5}},"8":{"start":{"line":29,"column":4},"end":{"line":29,"column":18}},"9":{"start":{"line":33,"column":17},"end":{"line":33,"column":44}},"10":{"start":{"line":34,"column":25},"end":{"line":34,"column":50}},"11":{"start":{"line":36,"column":4},"end":{"line":36,"column":23}}},"fnMap":{"0":{"name":"(anonymous_0)","decl":{"start":{"line":5,"column":2},"end":{"line":5,"column":3}},"loc":{"start":{"line":5,"column":23},"end":{"line":21,"column":3}},"line":5},"1":{"name":"(anonymous_1)","decl":{"start":{"line":23,"column":2},"end":{"line":23,"column":3}},"loc":{"start":{"line":23,"column":24},"end":{"line":30,"column":3}},"line":23},"2":{"name":"(anonymous_2)","decl":{"start":{"line":32,"column":2},"end":{"line":32,"column":3}},"loc":{"start":{"line":32,"column":24},"end":{"line":37,"column":3}},"line":32}},"branchMap":{},"s":{"0":1,"1":1,"2":1,"3":1,"4":1,"5":1,"6":0,"7":1,"8":1,"9":1,"10":1,"11":1},"f":{"0":1,"1":1,"2":1},"b":{},"_coverageSchema":"43e27e138ebf9cfc5966b082cf9a028302ed4184","hash":"165b06658b0acfd2590cc34adf956d36ae2d3604"}
,"C:\\Users\\Tagliati\\nodeprojects\\meli\\backend\\src\\app\\services\\SearchItemService.js": {"path":"C:\\Users\\Tagliati\\nodeprojects\\meli\\backend\\src\\app\\services\\SearchItemService.js","statementMap":{"0":{"start":{"line":6,"column":4},"end":{"line":12,"column":5}},"1":{"start":{"line":7,"column":23},"end":{"line":7,"column":67}},"2":{"start":{"line":8,"column":25},"end":{"line":8,"column":53}},"3":{"start":{"line":9,"column":6},"end":{"line":9,"column":79}},"4":{"start":{"line":11,"column":6},"end":{"line":11,"column":63}},"5":{"start":{"line":16,"column":21},"end":{"line":20,"column":5}},"6":{"start":{"line":22,"column":4},"end":{"line":22,"column":19}},"7":{"start":{"line":26,"column":4},"end":{"line":30,"column":5}},"8":{"start":{"line":34,"column":18},"end":{"line":34,"column":45}},"9":{"start":{"line":35,"column":25},"end":{"line":35,"column":57}},"10":{"start":{"line":37,"column":4},"end":{"line":37,"column":23}}},"fnMap":{"0":{"name":"(anonymous_0)","decl":{"start":{"line":5,"column":2},"end":{"line":5,"column":3}},"loc":{"start":{"line":5,"column":26},"end":{"line":13,"column":3}},"line":5},"1":{"name":"(anonymous_1)","decl":{"start":{"line":15,"column":2},"end":{"line":15,"column":3}},"loc":{"start":{"line":15,"column":31},"end":{"line":23,"column":3}},"line":15},"2":{"name":"(anonymous_2)","decl":{"start":{"line":25,"column":2},"end":{"line":25,"column":3}},"loc":{"start":{"line":25,"column":20},"end":{"line":31,"column":3}},"line":25},"3":{"name":"(anonymous_3)","decl":{"start":{"line":33,"column":2},"end":{"line":33,"column":3}},"loc":{"start":{"line":33,"column":25},"end":{"line":38,"column":3}},"line":33}},"branchMap":{},"s":{"0":2,"1":2,"2":2,"3":2,"4":0,"5":2,"6":2,"7":0,"8":2,"9":2,"10":2},"f":{"0":2,"1":2,"2":0,"3":2},"b":{},"_coverageSchema":"43e27e138ebf9cfc5966b082cf9a028302ed4184","hash":"1672c9c020d304ee23af153707cfceb72403a12a"}
,"C:\\Users\\Tagliati\\nodeprojects\\meli\\backend\\src\\app\\services\\api.js": {"path":"C:\\Users\\Tagliati\\nodeprojects\\meli\\backend\\src\\app\\services\\api.js","statementMap":{"0":{"start":{"line":3,"column":12},"end":{"line":7,"column":2}}},"fnMap":{},"branchMap":{},"s":{"0":2},"f":{},"b":{},"_coverageSchema":"43e27e138ebf9cfc5966b082cf9a028302ed4184","hash":"d09f41c3cb7b55eea650428155ec359adf20c056"}
}
